<?xml version="1.0" encoding="UTF-8"?>
<!-- Generated by org.testng.reporters.JUnitReportReporter -->
<testsuite hostname="DESKTOP-CG5IKER" failures="0" tests="1" name="CreateAPIErrorsTesting" time="2.971" errors="0" timestamp="2022-07-19T01:06:44 IST" skipped="0">
  <testcase classname="CreateAPIErrorsTesting" name="postError" time="2.971"/>
  <system-out/>
</testsuite> <!-- CreateAPIErrorsTesting -->
