<?xml version="1.0" encoding="UTF-8"?>
<!-- Generated by org.testng.reporters.JUnitReportReporter -->
<testsuite hostname="DESKTOP-CG5IKER" failures="0" tests="1" name="GistAPITest" time="2.636" errors="0" timestamp="2022-07-18T17:37:20 IST" skipped="0">
  <testcase classname="GistAPITest" name="test9" time="2.636"/>
  <system-out/>
</testsuite> <!-- GistAPITest -->
