<?xml version="1.0" encoding="UTF-8"?>
<!-- Generated by org.testng.reporters.JUnitReportReporter -->
<testsuite hostname="DESKTOP-CG5IKER" failures="0" tests="1" name="UpdateAPIErrorsTesting" time="6.349" errors="0" timestamp="2022-07-18T23:23:36 IST" skipped="0">
  <testcase classname="UpdateAPIErrorsTesting" name="patchError" time="6.349"/>
  <system-out/>
</testsuite> <!-- UpdateAPIErrorsTesting -->
