<?xml version="1.0" encoding="UTF-8"?>
<!-- Generated by org.testng.reporters.JUnitReportReporter -->
<testsuite hostname="DESKTOP-CG5IKER" failures="0" tests="1" name="DeleteAPIErrorsTesting" time="6.293" errors="0" timestamp="2022-07-19T00:00:55 IST" skipped="0">
  <testcase classname="DeleteAPIErrorsTesting" name="successPath" time="6.293"/>
  <system-out/>
</testsuite> <!-- DeleteAPIErrorsTesting -->
