<?xml version="1.0" encoding="UTF-8"?>
<!-- Generated by org.testng.reporters.JUnitReportReporter -->
<testsuite hostname="DESKTOP-CG5IKER" failures="0" tests="1" name="GetAPIErrorsTesting" time="6.504" errors="0" timestamp="2022-07-19T00:00:34 IST" skipped="0">
  <testcase classname="GetAPIErrorsTesting" name="getError" time="6.504"/>
  <system-out/>
</testsuite> <!-- GetAPIErrorsTesting -->
