<?xml version="1.0" encoding="UTF-8"?>
<!-- Generated by org.testng.reporters.JUnitReportReporter -->
<testsuite hostname="DESKTOP-CG5IKER" failures="0" tests="1" name="GistAPIHappyPath" time="11.587" errors="0" timestamp="2022-07-19T00:00:03 IST" skipped="0">
  <testcase classname="GistAPIHappyPath" name="successPath" time="11.587"/>
  <system-out/>
</testsuite> <!-- GistAPIHappyPath -->
